    OpenRGB v0.9+ (1.0rc2)
    Commit:  from 
    Launched: 20260317_161430
====================================================================================================

0     |Info:    [ProfileManager] Found file: white.orp attempting to validate header
0     |Info:    [ProfileManager] Valid v5 profile found for white
52    |Info:    [ResourceManager] Initializing HID interfaces: Success
52    |Info:    ------------------------------------------------------
52    |Info:    |               Start device detection               |
52    |Info:    ------------------------------------------------------
59    |Info:    ------------------------------------------------------
59    |Info:    |             Detecting I2C interfaces               |
59    |Info:    ------------------------------------------------------
59    |Info:    [ResourceManager] Registering I2C interface: /dev/i2c-3 Device 1002:15BF Subsystem: 1043:8877
59    |Info:    [ResourceManager] Registering I2C interface: /dev/i2c-10 Device 1022:790B Subsystem: 1043:8877
59    |Info:    [ResourceManager] Registering I2C interface: /dev/i2c-1 Device 1002:15BF Subsystem: 1043:8877
59    |Info:    [ResourceManager] Registering I2C interface: /dev/i2c-17 Device 10DE:1F03 Subsystem: 19DA:9527
59    |Warning: [i2c_smbus_linux] Failed to read i2c device PCI device ID
59    |Info:    [ResourceManager] Registering I2C interface: /dev/i2c-8 Device 0000:0000 Subsystem: 0000:0000
59    |Info:    [ResourceManager] Registering I2C interface: /dev/i2c-15 Device 10DE:1F03 Subsystem: 19DA:9527
59    |Warning: [i2c_smbus_linux] Failed to read i2c device PCI device ID
59    |Info:    [ResourceManager] Registering I2C interface: /dev/i2c-6 Device 0000:0000 Subsystem: 0000:0000
60    |Info:    [ResourceManager] Registering I2C interface: /dev/i2c-13 Device 10DE:1F03 Subsystem: 19DA:9527
60    |Info:    [ResourceManager] Registering I2C interface: /dev/i2c-4 Device 1002:15BF Subsystem: 1043:8877
60    |Info:    [ResourceManager] Registering I2C interface: /dev/i2c-11 Device 1022:790B Subsystem: 1043:8877
60    |Info:    [ResourceManager] Registering I2C interface: /dev/i2c-2 Device 1002:15BF Subsystem: 1043:8877
60    |Info:    [ResourceManager] Registering I2C interface: /dev/i2c-0 Device 1002:15BF Subsystem: 1043:8877
60    |Info:    [ResourceManager] Registering I2C interface: /dev/i2c-9 Device 1022:790B Subsystem: 1043:8877
60    |Info:    [ResourceManager] Registering I2C interface: /dev/i2c-16 Device 10DE:1F03 Subsystem: 19DA:9527
60    |Warning: [i2c_smbus_linux] Failed to read i2c device PCI device ID
60    |Info:    [ResourceManager] Registering I2C interface: /dev/i2c-7 Device 0000:0000 Subsystem: 0000:0000
60    |Info:    [ResourceManager] Registering I2C interface: /dev/i2c-14 Device 10DE:1F03 Subsystem: 19DA:9527
60    |Warning: [i2c_smbus_linux] Failed to read i2c device PCI device ID
60    |Info:    [ResourceManager] Registering I2C interface: /dev/i2c-5 Device 0000:0000 Subsystem: 0000:0000
60    |Info:    [ResourceManager] Registering I2C interface: /dev/i2c-12 Device 10DE:1F03 Subsystem: 19DA:9527
60    |Info:    ------------------------------------------------------
60    |Info:    |               Detecting I2C devices                |
60    |Info:    ------------------------------------------------------
1058  |Info:    ------------------------------------------------------
1058  |Info:    |            Detecting I2C DIMM modules              |
1058  |Info:    ------------------------------------------------------
2067  |Info:    [ResourceManager] Detected occupied slot 1, bus 12, type DDR5
2961  |Info:    [ResourceManager] Detected occupied slot 3, bus 12, type DDR5
3047  |Info:    ------------------------------------------------------
3047  |Info:    |               Detecting I2C PCI devices            |
3047  |Info:    ------------------------------------------------------
3048  |Info:    ------------------------------------------------------
3048  |Info:    |               Detecting HID devices                |
3048  |Info:    ------------------------------------------------------
3130  |Info:    [ASUS B650M-AYW WIFI] Registering RGB controller
3131  |Info:    [] Registering RGB controller
3131  |Info:    ------------------------------------------------------
3131  |Info:    |            Detecting libusb HID devices            |
3131  |Info:    ------------------------------------------------------
3294  |Info:    ------------------------------------------------------
3294  |Info:    |              Detecting other devices               |
3294  |Info:    ------------------------------------------------------
3316  |Info:    [ResourceManager] Calling Post-detection callbacks
3316  |Info:    ------------------------------------------------------
3316  |Info:    |                Detection completed                 |
3316  |Info:    ------------------------------------------------------
3316  |Info:    [ProfileManager] Profile loading: Succeeded for ASUS B650M-AYW WIFI @ HID: /dev/hidraw0
3316  |Info:    [ProfileManager] Profile loading: FAILED! for  @ HID /dev/hidraw1
