    OpenRGB v0.9+ (1.0rc2)
    Commit:  from 
    Launched: 20260228_094109
====================================================================================================

0     |Info:    [ProfileManager] Found file: white.orp attempting to validate header
0     |Info:    [ProfileManager] Valid v5 profile found for white
52    |Info:    [ResourceManager] Initializing HID interfaces: Success
52    |Info:    ------------------------------------------------------
52    |Info:    |               Start device detection               |
52    |Info:    ------------------------------------------------------
61    |Info:    ------------------------------------------------------
61    |Info:    |             Detecting I2C interfaces               |
61    |Info:    ------------------------------------------------------
61    |Info:    [ResourceManager] Registering I2C interface: /dev/i2c-3 Device 1002:15BF Subsystem: 1043:8877
61    |Info:    [ResourceManager] Registering I2C interface: /dev/i2c-10 Device 1022:790B Subsystem: 1043:8877
61    |Info:    [ResourceManager] Registering I2C interface: /dev/i2c-1 Device 1002:15BF Subsystem: 1043:8877
61    |Warning: [i2c_smbus_linux] Failed to read i2c device PCI device ID
61    |Info:    [ResourceManager] Registering I2C interface: /dev/i2c-8 Device 0000:0000 Subsystem: 0000:0000
61    |Warning: [i2c_smbus_linux] Failed to read i2c device PCI device ID
61    |Info:    [ResourceManager] Registering I2C interface: /dev/i2c-6 Device 0000:0000 Subsystem: 0000:0000
61    |Info:    [ResourceManager] Registering I2C interface: /dev/i2c-4 Device 1002:15BF Subsystem: 1043:8877
61    |Info:    [ResourceManager] Registering I2C interface: /dev/i2c-11 Device 1022:790B Subsystem: 1043:8877
61    |Info:    [ResourceManager] Registering I2C interface: /dev/i2c-2 Device 1002:15BF Subsystem: 1043:8877
61    |Info:    [ResourceManager] Registering I2C interface: /dev/i2c-0 Device 1002:15BF Subsystem: 1043:8877
61    |Info:    [ResourceManager] Registering I2C interface: /dev/i2c-9 Device 1022:790B Subsystem: 1043:8877
61    |Warning: [i2c_smbus_linux] Failed to read i2c device PCI device ID
61    |Info:    [ResourceManager] Registering I2C interface: /dev/i2c-7 Device 0000:0000 Subsystem: 0000:0000
61    |Warning: [i2c_smbus_linux] Failed to read i2c device PCI device ID
61    |Info:    [ResourceManager] Registering I2C interface: /dev/i2c-5 Device 0000:0000 Subsystem: 0000:0000
61    |Info:    ------------------------------------------------------
61    |Info:    |               Detecting I2C devices                |
61    |Info:    ------------------------------------------------------
1061  |Info:    ------------------------------------------------------
1061  |Info:    |            Detecting I2C DIMM modules              |
1061  |Info:    ------------------------------------------------------
1150  |Info:    [ResourceManager] Detected occupied slot 1, bus 9, type DDR5
1155  |Info:    [ResourceManager] Detected occupied slot 3, bus 9, type DDR5
1243  |Info:    ------------------------------------------------------
1243  |Info:    |               Detecting I2C PCI devices            |
1243  |Info:    ------------------------------------------------------
1244  |Info:    ------------------------------------------------------
1244  |Info:    |               Detecting HID devices                |
1244  |Info:    ------------------------------------------------------
1276  |Info:    [ASUS B650M-AYW WIFI] Registering RGB controller
1277  |Info:    [HyperX Pulsefire Core (HP)] Registering RGB controller
1277  |Info:    [] Registering RGB controller
1277  |Info:    ------------------------------------------------------
1277  |Info:    |            Detecting libusb HID devices            |
1277  |Info:    ------------------------------------------------------
1502  |Info:    ------------------------------------------------------
1502  |Info:    |              Detecting other devices               |
1502  |Info:    ------------------------------------------------------
1526  |Info:    [ResourceManager] Calling Post-detection callbacks
1526  |Info:    ------------------------------------------------------
1526  |Info:    |                Detection completed                 |
1526  |Info:    ------------------------------------------------------
