    OpenRGB v0.9+ (1.0rc2)
    Commit:  from 
    Launched: 20260116_151639
====================================================================================================

0     |Info:    [ProfileManager] Found file: white.orp attempting to validate header
0     |Info:    [ProfileManager] Valid v5 profile found for white
53    |Info:    [ResourceManager] Initializing HID interfaces: Success
53    |Info:    ------------------------------------------------------
53    |Info:    |               Start device detection               |
53    |Info:    ------------------------------------------------------
64    |Info:    ------------------------------------------------------
64    |Info:    |             Detecting I2C interfaces               |
64    |Info:    ------------------------------------------------------
64    |Info:    [ResourceManager] Registering I2C interface: /dev/i2c-3 Device 1002:15BF Subsystem: 1043:8877
64    |Info:    [ResourceManager] Registering I2C interface: /dev/i2c-10 Device 1022:790B Subsystem: 1043:8877
64    |Info:    [ResourceManager] Registering I2C interface: /dev/i2c-1 Device 1002:15BF Subsystem: 1043:8877
64    |Warning: [i2c_smbus_linux] Failed to read i2c device PCI device ID
64    |Info:    [ResourceManager] Registering I2C interface: /dev/i2c-8 Device 0000:0000 Subsystem: 0000:0000
64    |Warning: [i2c_smbus_linux] Failed to read i2c device PCI device ID
64    |Info:    [ResourceManager] Registering I2C interface: /dev/i2c-6 Device 0000:0000 Subsystem: 0000:0000
64    |Info:    [ResourceManager] Registering I2C interface: /dev/i2c-4 Device 1002:15BF Subsystem: 1043:8877
64    |Info:    [ResourceManager] Registering I2C interface: /dev/i2c-11 Device 1022:790B Subsystem: 1043:8877
64    |Info:    [ResourceManager] Registering I2C interface: /dev/i2c-2 Device 1002:15BF Subsystem: 1043:8877
64    |Info:    [ResourceManager] Registering I2C interface: /dev/i2c-0 Device 1002:15BF Subsystem: 1043:8877
64    |Info:    [ResourceManager] Registering I2C interface: /dev/i2c-9 Device 1022:790B Subsystem: 1043:8877
64    |Warning: [i2c_smbus_linux] Failed to read i2c device PCI device ID
64    |Info:    [ResourceManager] Registering I2C interface: /dev/i2c-7 Device 0000:0000 Subsystem: 0000:0000
64    |Warning: [i2c_smbus_linux] Failed to read i2c device PCI device ID
64    |Info:    [ResourceManager] Registering I2C interface: /dev/i2c-5 Device 0000:0000 Subsystem: 0000:0000
64    |Info:    ------------------------------------------------------
64    |Info:    |               Detecting I2C devices                |
64    |Info:    ------------------------------------------------------
1065  |Info:    ------------------------------------------------------
1065  |Info:    |            Detecting I2C DIMM modules              |
1065  |Info:    ------------------------------------------------------
1155  |Info:    [ResourceManager] Detected occupied slot 1, bus 9, type DDR5
1161  |Info:    [ResourceManager] Detected occupied slot 3, bus 9, type DDR5
1249  |Info:    ------------------------------------------------------
1249  |Info:    |               Detecting I2C PCI devices            |
1249  |Info:    ------------------------------------------------------
1250  |Info:    ------------------------------------------------------
1250  |Info:    |               Detecting HID devices                |
1250  |Info:    ------------------------------------------------------
1334  |Info:    [ASUS B650M-AYW WIFI] Registering RGB controller
1334  |Info:    [HyperX Pulsefire Core (HP)] Registering RGB controller
1335  |Info:    [] Registering RGB controller
1335  |Info:    ------------------------------------------------------
1335  |Info:    |            Detecting libusb HID devices            |
1335  |Info:    ------------------------------------------------------
1560  |Info:    ------------------------------------------------------
1560  |Info:    |              Detecting other devices               |
1560  |Info:    ------------------------------------------------------
1585  |Info:    [ResourceManager] Calling Post-detection callbacks
1585  |Info:    ------------------------------------------------------
1585  |Info:    |                Detection completed                 |
1585  |Info:    ------------------------------------------------------
1586  |Info:    [ProfileManager] Profile loading: Succeeded for ASUS B650M-AYW WIFI @ HID: /dev/hidraw3
1586  |Info:    [ProfileManager] Profile loading: FAILED! for HyperX Pulsefire Core (HP) @ HID /dev/hidraw5
1586  |Info:    [ProfileManager] Profile loading: FAILED! for  @ HID /dev/hidraw0
