    OpenRGB v0.9+ (1.0rc2)
    Commit:  from 
    Launched: 20260228_093524
====================================================================================================

0     |Info:    [ProfileManager] Found file: white.orp attempting to validate header
0     |Info:    [ProfileManager] Valid v5 profile found for white
52    |Info:    [ResourceManager] Initializing HID interfaces: Success
52    |Info:    ------------------------------------------------------
52    |Info:    |               Start device detection               |
52    |Info:    ------------------------------------------------------
61    |Info:    ------------------------------------------------------
61    |Info:    |             Detecting I2C interfaces               |
61    |Info:    ------------------------------------------------------
61    |Info:    [ResourceManager] Registering I2C interface: /dev/i2c-3 Device 1002:15BF Subsystem: 1043:8877
61    |Info:    [ResourceManager] Registering I2C interface: /dev/i2c-10 Device 1022:790B Subsystem: 1043:8877
61    |Info:    [ResourceManager] Registering I2C interface: /dev/i2c-1 Device 1002:15BF Subsystem: 1043:8877
61    |Warning: [i2c_smbus_linux] Failed to read i2c device PCI device ID
61    |Info:    [ResourceManager] Registering I2C interface: /dev/i2c-8 Device 0000:0000 Subsystem: 0000:0000
62    |Warning: [i2c_smbus_linux] Failed to read i2c device PCI device ID
62    |Info:    [ResourceManager] Registering I2C interface: /dev/i2c-6 Device 0000:0000 Subsystem: 0000:0000
62    |Info:    [ResourceManager] Registering I2C interface: /dev/i2c-4 Device 1002:15BF Subsystem: 1043:8877
62    |Info:    [ResourceManager] Registering I2C interface: /dev/i2c-11 Device 1022:790B Subsystem: 1043:8877
62    |Info:    [ResourceManager] Registering I2C interface: /dev/i2c-2 Device 1002:15BF Subsystem: 1043:8877
62    |Info:    [ResourceManager] Registering I2C interface: /dev/i2c-0 Device 1002:15BF Subsystem: 1043:8877
62    |Info:    [ResourceManager] Registering I2C interface: /dev/i2c-9 Device 1022:790B Subsystem: 1043:8877
62    |Warning: [i2c_smbus_linux] Failed to read i2c device PCI device ID
62    |Info:    [ResourceManager] Registering I2C interface: /dev/i2c-7 Device 0000:0000 Subsystem: 0000:0000
62    |Warning: [i2c_smbus_linux] Failed to read i2c device PCI device ID
62    |Info:    [ResourceManager] Registering I2C interface: /dev/i2c-5 Device 0000:0000 Subsystem: 0000:0000
62    |Info:    ------------------------------------------------------
62    |Info:    |               Detecting I2C devices                |
62    |Info:    ------------------------------------------------------
1062  |Info:    ------------------------------------------------------
1062  |Info:    |            Detecting I2C DIMM modules              |
1062  |Info:    ------------------------------------------------------
1151  |Info:    [ResourceManager] Detected occupied slot 1, bus 9, type DDR5
1156  |Info:    [ResourceManager] Detected occupied slot 3, bus 9, type DDR5
1244  |Info:    ------------------------------------------------------
1244  |Info:    |               Detecting I2C PCI devices            |
1244  |Info:    ------------------------------------------------------
1245  |Info:    ------------------------------------------------------
1245  |Info:    |               Detecting HID devices                |
1245  |Info:    ------------------------------------------------------
1269  |Info:    [ASUS B650M-AYW WIFI] Registering RGB controller
1270  |Info:    [HyperX Pulsefire Core (HP)] Registering RGB controller
1271  |Info:    [] Registering RGB controller
1271  |Info:    ------------------------------------------------------
1271  |Info:    |            Detecting libusb HID devices            |
1271  |Info:    ------------------------------------------------------
1496  |Info:    ------------------------------------------------------
1497  |Info:    |              Detecting other devices               |
1497  |Info:    ------------------------------------------------------
1520  |Info:    [ResourceManager] Calling Post-detection callbacks
1520  |Info:    ------------------------------------------------------
1520  |Info:    |                Detection completed                 |
1520  |Info:    ------------------------------------------------------
