    OpenRGB v0.9+ (1.0rc2)
    Commit:  from 
    Launched: 20251228_164813
====================================================================================================

0     |Info:    [ProfileManager] Found file: white.orp attempting to validate header
0     |Info:    [ProfileManager] Valid v5 profile found for white
52    |Info:    [ResourceManager] Initializing HID interfaces: Success
52    |Info:    ------------------------------------------------------
52    |Info:    |               Start device detection               |
52    |Info:    ------------------------------------------------------
63    |Info:    ------------------------------------------------------
63    |Info:    |             Detecting I2C interfaces               |
63    |Info:    ------------------------------------------------------
63    |Info:    [ResourceManager] Registering I2C interface: /dev/i2c-3 Device 1002:15BF Subsystem: 1043:8877
63    |Info:    [ResourceManager] Registering I2C interface: /dev/i2c-10 Device 1022:790B Subsystem: 1043:8877
63    |Info:    [ResourceManager] Registering I2C interface: /dev/i2c-1 Device 1002:15BF Subsystem: 1043:8877
63    |Warning: [i2c_smbus_linux] Failed to read i2c device PCI device ID
63    |Info:    [ResourceManager] Registering I2C interface: /dev/i2c-8 Device 0000:0000 Subsystem: 0000:0000
63    |Warning: [i2c_smbus_linux] Failed to read i2c device PCI device ID
63    |Info:    [ResourceManager] Registering I2C interface: /dev/i2c-6 Device 0000:0000 Subsystem: 0000:0000
63    |Info:    [ResourceManager] Registering I2C interface: /dev/i2c-4 Device 1002:15BF Subsystem: 1043:8877
63    |Info:    [ResourceManager] Registering I2C interface: /dev/i2c-11 Device 1022:790B Subsystem: 1043:8877
63    |Info:    [ResourceManager] Registering I2C interface: /dev/i2c-2 Device 1002:15BF Subsystem: 1043:8877
63    |Info:    [ResourceManager] Registering I2C interface: /dev/i2c-0 Device 1002:15BF Subsystem: 1043:8877
64    |Info:    [ResourceManager] Registering I2C interface: /dev/i2c-9 Device 1022:790B Subsystem: 1043:8877
64    |Warning: [i2c_smbus_linux] Failed to read i2c device PCI device ID
64    |Info:    [ResourceManager] Registering I2C interface: /dev/i2c-7 Device 0000:0000 Subsystem: 0000:0000
64    |Warning: [i2c_smbus_linux] Failed to read i2c device PCI device ID
64    |Info:    [ResourceManager] Registering I2C interface: /dev/i2c-5 Device 0000:0000 Subsystem: 0000:0000
64    |Info:    ------------------------------------------------------
64    |Info:    |               Detecting I2C devices                |
64    |Info:    ------------------------------------------------------
1068  |Info:    ------------------------------------------------------
1068  |Info:    |            Detecting I2C DIMM modules              |
1068  |Info:    ------------------------------------------------------
1159  |Info:    [ResourceManager] Detected occupied slot 1, bus 9, type DDR5
1164  |Info:    [ResourceManager] Detected occupied slot 3, bus 9, type DDR5
1253  |Info:    ------------------------------------------------------
1253  |Info:    |               Detecting I2C PCI devices            |
1253  |Info:    ------------------------------------------------------
1255  |Info:    ------------------------------------------------------
1255  |Info:    |               Detecting HID devices                |
1255  |Info:    ------------------------------------------------------
1256  |Info:    [] Registering RGB controller
1331  |Info:    [ASUS B650M-AYW WIFI] Registering RGB controller
1342  |Info:    [HyperX Pulsefire Core (HP)] Registering RGB controller
1342  |Info:    ------------------------------------------------------
1342  |Info:    |            Detecting libusb HID devices            |
1342  |Info:    ------------------------------------------------------
1564  |Info:    ------------------------------------------------------
1564  |Info:    |              Detecting other devices               |
1564  |Info:    ------------------------------------------------------
1586  |Info:    [ResourceManager] Calling Post-detection callbacks
1586  |Info:    ------------------------------------------------------
1586  |Info:    |                Detection completed                 |
1586  |Info:    ------------------------------------------------------
