    OpenRGB v0.9+ (1.0rc2)
    Commit:  from 
    Launched: 20260102_111620
====================================================================================================

0     |Info:    [ProfileManager] Found file: white.orp attempting to validate header
0     |Info:    [ProfileManager] Valid v5 profile found for white
54    |Info:    [ResourceManager] Initializing HID interfaces: Success
54    |Info:    ------------------------------------------------------
54    |Info:    |               Start device detection               |
54    |Info:    ------------------------------------------------------
62    |Info:    ------------------------------------------------------
62    |Info:    |             Detecting I2C interfaces               |
62    |Info:    ------------------------------------------------------
62    |Info:    [ResourceManager] Registering I2C interface: /dev/i2c-3 Device 1002:15BF Subsystem: 1043:8877
62    |Info:    [ResourceManager] Registering I2C interface: /dev/i2c-10 Device 1022:790B Subsystem: 1043:8877
62    |Info:    [ResourceManager] Registering I2C interface: /dev/i2c-1 Device 1002:15BF Subsystem: 1043:8877
62    |Warning: [i2c_smbus_linux] Failed to read i2c device PCI device ID
62    |Info:    [ResourceManager] Registering I2C interface: /dev/i2c-8 Device 0000:0000 Subsystem: 0000:0000
62    |Warning: [i2c_smbus_linux] Failed to read i2c device PCI device ID
62    |Info:    [ResourceManager] Registering I2C interface: /dev/i2c-6 Device 0000:0000 Subsystem: 0000:0000
62    |Info:    [ResourceManager] Registering I2C interface: /dev/i2c-4 Device 1002:15BF Subsystem: 1043:8877
62    |Info:    [ResourceManager] Registering I2C interface: /dev/i2c-11 Device 1022:790B Subsystem: 1043:8877
63    |Info:    [ResourceManager] Registering I2C interface: /dev/i2c-2 Device 1002:15BF Subsystem: 1043:8877
63    |Info:    [ResourceManager] Registering I2C interface: /dev/i2c-0 Device 1002:15BF Subsystem: 1043:8877
63    |Info:    [ResourceManager] Registering I2C interface: /dev/i2c-9 Device 1022:790B Subsystem: 1043:8877
63    |Warning: [i2c_smbus_linux] Failed to read i2c device PCI device ID
63    |Info:    [ResourceManager] Registering I2C interface: /dev/i2c-7 Device 0000:0000 Subsystem: 0000:0000
63    |Warning: [i2c_smbus_linux] Failed to read i2c device PCI device ID
63    |Info:    [ResourceManager] Registering I2C interface: /dev/i2c-5 Device 0000:0000 Subsystem: 0000:0000
63    |Info:    ------------------------------------------------------
63    |Info:    |               Detecting I2C devices                |
63    |Info:    ------------------------------------------------------
1068  |Info:    ------------------------------------------------------
1068  |Info:    |            Detecting I2C DIMM modules              |
1068  |Info:    ------------------------------------------------------
2121  |Info:    [ResourceManager] Detected occupied slot 1, bus 9, type DDR5
3083  |Info:    [ResourceManager] Detected occupied slot 3, bus 9, type DDR5
3169  |Info:    ------------------------------------------------------
3169  |Info:    |               Detecting I2C PCI devices            |
3169  |Info:    ------------------------------------------------------
3171  |Info:    ------------------------------------------------------
3171  |Info:    |               Detecting HID devices                |
3171  |Info:    ------------------------------------------------------
3172  |Info:    [] Registering RGB controller
3264  |Info:    [ASUS B650M-AYW WIFI] Registering RGB controller
3276  |Info:    [HyperX Pulsefire Core (HP)] Registering RGB controller
3276  |Info:    ------------------------------------------------------
3276  |Info:    |            Detecting libusb HID devices            |
3276  |Info:    ------------------------------------------------------
3506  |Info:    ------------------------------------------------------
3506  |Info:    |              Detecting other devices               |
3507  |Info:    ------------------------------------------------------
3543  |Info:    [ResourceManager] Calling Post-detection callbacks
3543  |Info:    ------------------------------------------------------
3543  |Info:    |                Detection completed                 |
3543  |Info:    ------------------------------------------------------
7657  |Info:    [ProfileManager] Profile loading: Succeeded for  @ HID /dev/hidraw4
7657  |Info:    [ProfileManager] Profile loading: Succeeded for ASUS B650M-AYW WIFI @ HID: /dev/hidraw3
7657  |Info:    [ProfileManager] Profile loading: Succeeded for HyperX Pulsefire Core (HP) @ HID /dev/hidraw1
