    OpenRGB v0.9+ (1.0rc2)
    Commit:  from 
    Launched: 20260123_183631
====================================================================================================

0     |Info:    [ProfileManager] Found file: white.orp attempting to validate header
0     |Info:    [ProfileManager] Valid v5 profile found for white
54    |Info:    [ResourceManager] Initializing HID interfaces: Success
54    |Info:    ------------------------------------------------------
54    |Info:    |               Start device detection               |
54    |Info:    ------------------------------------------------------
63    |Info:    ------------------------------------------------------
63    |Info:    |             Detecting I2C interfaces               |
63    |Info:    ------------------------------------------------------
63    |Info:    [ResourceManager] Registering I2C interface: /dev/i2c-3 Device 1002:15BF Subsystem: 1043:8877
63    |Info:    [ResourceManager] Registering I2C interface: /dev/i2c-10 Device 1022:790B Subsystem: 1043:8877
63    |Info:    [ResourceManager] Registering I2C interface: /dev/i2c-1 Device 1002:15BF Subsystem: 1043:8877
63    |Warning: [i2c_smbus_linux] Failed to read i2c device PCI device ID
63    |Info:    [ResourceManager] Registering I2C interface: /dev/i2c-8 Device 0000:0000 Subsystem: 0000:0000
63    |Warning: [i2c_smbus_linux] Failed to read i2c device PCI device ID
63    |Info:    [ResourceManager] Registering I2C interface: /dev/i2c-6 Device 0000:0000 Subsystem: 0000:0000
64    |Info:    [ResourceManager] Registering I2C interface: /dev/i2c-4 Device 1002:15BF Subsystem: 1043:8877
64    |Info:    [ResourceManager] Registering I2C interface: /dev/i2c-11 Device 1022:790B Subsystem: 1043:8877
64    |Info:    [ResourceManager] Registering I2C interface: /dev/i2c-2 Device 1002:15BF Subsystem: 1043:8877
64    |Info:    [ResourceManager] Registering I2C interface: /dev/i2c-0 Device 1002:15BF Subsystem: 1043:8877
64    |Info:    [ResourceManager] Registering I2C interface: /dev/i2c-9 Device 1022:790B Subsystem: 1043:8877
64    |Warning: [i2c_smbus_linux] Failed to read i2c device PCI device ID
64    |Info:    [ResourceManager] Registering I2C interface: /dev/i2c-7 Device 0000:0000 Subsystem: 0000:0000
64    |Warning: [i2c_smbus_linux] Failed to read i2c device PCI device ID
64    |Info:    [ResourceManager] Registering I2C interface: /dev/i2c-5 Device 0000:0000 Subsystem: 0000:0000
64    |Info:    ------------------------------------------------------
64    |Info:    |               Detecting I2C devices                |
64    |Info:    ------------------------------------------------------
1065  |Info:    ------------------------------------------------------
1065  |Info:    |            Detecting I2C DIMM modules              |
1065  |Info:    ------------------------------------------------------
2118  |Info:    [ResourceManager] Detected occupied slot 1, bus 9, type DDR5
3118  |Info:    [ResourceManager] Detected occupied slot 3, bus 9, type DDR5
3205  |Info:    ------------------------------------------------------
3205  |Info:    |               Detecting I2C PCI devices            |
3205  |Info:    ------------------------------------------------------
3206  |Info:    ------------------------------------------------------
3206  |Info:    |               Detecting HID devices                |
3206  |Info:    ------------------------------------------------------
3281  |Info:    [ASUS B650M-AYW WIFI] Registering RGB controller
3282  |Info:    [HyperX Pulsefire Core (HP)] Registering RGB controller
3283  |Info:    [] Registering RGB controller
3283  |Info:    ------------------------------------------------------
3283  |Info:    |            Detecting libusb HID devices            |
3283  |Info:    ------------------------------------------------------
3516  |Info:    ------------------------------------------------------
3516  |Info:    |              Detecting other devices               |
3516  |Info:    ------------------------------------------------------
3541  |Info:    [ResourceManager] Calling Post-detection callbacks
3541  |Info:    ------------------------------------------------------
3541  |Info:    |                Detection completed                 |
3541  |Info:    ------------------------------------------------------
3541  |Info:    [ProfileManager] Profile loading: Succeeded for ASUS B650M-AYW WIFI @ HID: /dev/hidraw3
3541  |Info:    [ProfileManager] Profile loading: FAILED! for HyperX Pulsefire Core (HP) @ HID /dev/hidraw5
3541  |Info:    [ProfileManager] Profile loading: FAILED! for  @ HID /dev/hidraw0
