    OpenRGB v0.9+ (1.0rc2)
    Commit:  from 
    Launched: 20260205_115006
====================================================================================================

0     |Info:    [ProfileManager] Found file: white.orp attempting to validate header
0     |Info:    [ProfileManager] Valid v5 profile found for white
53    |Info:    [ResourceManager] Initializing HID interfaces: Success
53    |Info:    ------------------------------------------------------
53    |Info:    |               Start device detection               |
53    |Info:    ------------------------------------------------------
62    |Info:    ------------------------------------------------------
62    |Info:    |             Detecting I2C interfaces               |
62    |Info:    ------------------------------------------------------
62    |Info:    [ResourceManager] Registering I2C interface: /dev/i2c-3 Device 1002:15BF Subsystem: 1043:8877
62    |Info:    [ResourceManager] Registering I2C interface: /dev/i2c-10 Device 1022:790B Subsystem: 1043:8877
62    |Info:    [ResourceManager] Registering I2C interface: /dev/i2c-1 Device 1002:15BF Subsystem: 1043:8877
62    |Warning: [i2c_smbus_linux] Failed to read i2c device PCI device ID
62    |Info:    [ResourceManager] Registering I2C interface: /dev/i2c-8 Device 0000:0000 Subsystem: 0000:0000
62    |Warning: [i2c_smbus_linux] Failed to read i2c device PCI device ID
62    |Info:    [ResourceManager] Registering I2C interface: /dev/i2c-6 Device 0000:0000 Subsystem: 0000:0000
62    |Info:    [ResourceManager] Registering I2C interface: /dev/i2c-4 Device 1002:15BF Subsystem: 1043:8877
62    |Info:    [ResourceManager] Registering I2C interface: /dev/i2c-11 Device 1022:790B Subsystem: 1043:8877
62    |Info:    [ResourceManager] Registering I2C interface: /dev/i2c-2 Device 1002:15BF Subsystem: 1043:8877
62    |Info:    [ResourceManager] Registering I2C interface: /dev/i2c-0 Device 1002:15BF Subsystem: 1043:8877
62    |Info:    [ResourceManager] Registering I2C interface: /dev/i2c-9 Device 1022:790B Subsystem: 1043:8877
62    |Warning: [i2c_smbus_linux] Failed to read i2c device PCI device ID
62    |Info:    [ResourceManager] Registering I2C interface: /dev/i2c-7 Device 0000:0000 Subsystem: 0000:0000
62    |Warning: [i2c_smbus_linux] Failed to read i2c device PCI device ID
62    |Info:    [ResourceManager] Registering I2C interface: /dev/i2c-5 Device 0000:0000 Subsystem: 0000:0000
62    |Info:    ------------------------------------------------------
62    |Info:    |               Detecting I2C devices                |
62    |Info:    ------------------------------------------------------
1064  |Info:    ------------------------------------------------------
1064  |Info:    |            Detecting I2C DIMM modules              |
1064  |Info:    ------------------------------------------------------
2136  |Info:    [ResourceManager] Detected occupied slot 1, bus 9, type DDR5
3132  |Info:    [ResourceManager] Detected occupied slot 3, bus 9, type DDR5
3221  |Info:    ------------------------------------------------------
3222  |Info:    |               Detecting I2C PCI devices            |
3222  |Info:    ------------------------------------------------------
3222  |Info:    ------------------------------------------------------
3222  |Info:    |               Detecting HID devices                |
3222  |Info:    ------------------------------------------------------
3304  |Info:    [ASUS B650M-AYW WIFI] Registering RGB controller
3305  |Info:    [HyperX Pulsefire Core (HP)] Registering RGB controller
3305  |Info:    [] Registering RGB controller
3305  |Info:    ------------------------------------------------------
3305  |Info:    |            Detecting libusb HID devices            |
3305  |Info:    ------------------------------------------------------
3538  |Info:    ------------------------------------------------------
3538  |Info:    |              Detecting other devices               |
3538  |Info:    ------------------------------------------------------
3560  |Info:    [ResourceManager] Calling Post-detection callbacks
3560  |Info:    ------------------------------------------------------
3560  |Info:    |                Detection completed                 |
3560  |Info:    ------------------------------------------------------
3561  |Info:    [ProfileManager] Profile loading: Succeeded for ASUS B650M-AYW WIFI @ HID: /dev/hidraw3
3561  |Info:    [ProfileManager] Profile loading: FAILED! for HyperX Pulsefire Core (HP) @ HID /dev/hidraw5
3561  |Info:    [ProfileManager] Profile loading: FAILED! for  @ HID /dev/hidraw0
